c:\users\mh\desktop\unreallearn\k_learn\conproject\bsp\bsp\x64\debug\vc143.pdb
c:\users\mh\desktop\unreallearn\k_learn\conproject\bsp\bsp\x64\debug\vc143.idb
c:\users\mh\desktop\unreallearn\k_learn\conproject\bsp\bsp\x64\debug\bsp.nativecodeanalysis.xml
c:\users\mh\desktop\unreallearn\k_learn\conproject\bsp\bsp\x64\debug\chestevent.nativecodeanalysis.xml
c:\users\mh\desktop\unreallearn\k_learn\conproject\bsp\bsp\x64\debug\cooridorsgenerator.nativecodeanalysis.xml
c:\users\mh\desktop\unreallearn\k_learn\conproject\bsp\bsp\x64\debug\corridornode.nativecodeanalysis.xml
c:\users\mh\desktop\unreallearn\k_learn\conproject\bsp\bsp\x64\debug\devilstatuesevent.nativecodeanalysis.xml
c:\users\mh\desktop\unreallearn\k_learn\conproject\bsp\bsp\x64\debug\dungeongenerator.nativecodeanalysis.xml
c:\users\mh\desktop\unreallearn\k_learn\conproject\bsp\bsp\x64\debug\event.nativecodeanalysis.xml
c:\users\mh\desktop\unreallearn\k_learn\conproject\bsp\bsp\x64\debug\eventmanager.nativecodeanalysis.xml
c:\users\mh\desktop\unreallearn\k_learn\conproject\bsp\bsp\x64\debug\game.nativecodeanalysis.xml
c:\users\mh\desktop\unreallearn\k_learn\conproject\bsp\bsp\x64\debug\inventory.nativecodeanalysis.xml
c:\users\mh\desktop\unreallearn\k_learn\conproject\bsp\bsp\x64\debug\istate.nativecodeanalysis.xml
c:\users\mh\desktop\unreallearn\k_learn\conproject\bsp\bsp\x64\debug\itembase.nativecodeanalysis.xml
c:\users\mh\desktop\unreallearn\k_learn\conproject\bsp\bsp\x64\debug\itemdata.nativecodeanalysis.xml
c:\users\mh\desktop\unreallearn\k_learn\conproject\bsp\bsp\x64\debug\itemmanager.nativecodeanalysis.xml
c:\users\mh\desktop\unreallearn\k_learn\conproject\bsp\bsp\x64\debug\item_consumables.nativecodeanalysis.xml
c:\users\mh\desktop\unreallearn\k_learn\conproject\bsp\bsp\x64\debug\item_equipable.nativecodeanalysis.xml
c:\users\mh\desktop\unreallearn\k_learn\conproject\bsp\bsp\x64\debug\item_material.nativecodeanalysis.xml
c:\users\mh\desktop\unreallearn\k_learn\conproject\bsp\bsp\x64\debug\player.nativecodeanalysis.xml
c:\users\mh\desktop\unreallearn\k_learn\conproject\bsp\bsp\x64\debug\shopbase.nativecodeanalysis.xml
c:\users\mh\desktop\unreallearn\k_learn\conproject\bsp\bsp\x64\debug\line.nativecodeanalysis.xml
c:\users\mh\desktop\unreallearn\k_learn\conproject\bsp\bsp\x64\debug\line.obj
c:\users\mh\desktop\unreallearn\k_learn\conproject\bsp\bsp\x64\debug\shopbase.obj
c:\users\mh\desktop\unreallearn\k_learn\conproject\bsp\bsp\x64\debug\player.obj
c:\users\mh\desktop\unreallearn\k_learn\conproject\bsp\bsp\x64\debug\item_material.obj
c:\users\mh\desktop\unreallearn\k_learn\conproject\bsp\bsp\x64\debug\item_equipable.obj
c:\users\mh\desktop\unreallearn\k_learn\conproject\bsp\bsp\x64\debug\item_consumables.obj
c:\users\mh\desktop\unreallearn\k_learn\conproject\bsp\bsp\x64\debug\itemmanager.obj
c:\users\mh\desktop\unreallearn\k_learn\conproject\bsp\bsp\x64\debug\itemdata.obj
c:\users\mh\desktop\unreallearn\k_learn\conproject\bsp\bsp\x64\debug\itembase.obj
c:\users\mh\desktop\unreallearn\k_learn\conproject\bsp\bsp\x64\debug\istate.obj
c:\users\mh\desktop\unreallearn\k_learn\conproject\bsp\bsp\x64\debug\inventory.obj
c:\users\mh\desktop\unreallearn\k_learn\conproject\bsp\bsp\x64\debug\game.obj
c:\users\mh\desktop\unreallearn\k_learn\conproject\bsp\bsp\x64\debug\eventmanager.obj
c:\users\mh\desktop\unreallearn\k_learn\conproject\bsp\bsp\x64\debug\event.obj
c:\users\mh\desktop\unreallearn\k_learn\conproject\bsp\bsp\x64\debug\dungeongenerator.obj
c:\users\mh\desktop\unreallearn\k_learn\conproject\bsp\bsp\x64\debug\devilstatuesevent.obj
c:\users\mh\desktop\unreallearn\k_learn\conproject\bsp\bsp\x64\debug\corridornode.obj
c:\users\mh\desktop\unreallearn\k_learn\conproject\bsp\bsp\x64\debug\cooridorsgenerator.obj
c:\users\mh\desktop\unreallearn\k_learn\conproject\bsp\bsp\x64\debug\chestevent.obj
c:\users\mh\desktop\unreallearn\k_learn\conproject\bsp\bsp\x64\debug\bsp.obj
c:\users\mh\desktop\unreallearn\k_learn\conproject\bsp\bsp\x64\debug\main.nativecodeanalysis.xml
c:\users\mh\desktop\unreallearn\k_learn\conproject\bsp\bsp\x64\debug\namespace.nativecodeanalysis.xml
c:\users\mh\desktop\unreallearn\k_learn\conproject\bsp\bsp\x64\debug\node.nativecodeanalysis.xml
c:\users\mh\desktop\unreallearn\k_learn\conproject\bsp\bsp\x64\debug\roomgenerator.nativecodeanalysis.xml
c:\users\mh\desktop\unreallearn\k_learn\conproject\bsp\bsp\x64\debug\roomnode.nativecodeanalysis.xml
c:\users\mh\desktop\unreallearn\k_learn\conproject\bsp\bsp\x64\debug\statuesevent.nativecodeanalysis.xml
c:\users\mh\desktop\unreallearn\k_learn\conproject\bsp\bsp\x64\debug\structurehelper.nativecodeanalysis.xml
c:\users\mh\desktop\unreallearn\k_learn\conproject\bsp\bsp\x64\debug\tilebase.nativecodeanalysis.xml
c:\users\mh\desktop\unreallearn\k_learn\conproject\bsp\bsp\x64\debug\viewinventory.nativecodeanalysis.xml
c:\users\mh\desktop\unreallearn\k_learn\conproject\bsp\bsp\x64\debug\wellevent.nativecodeanalysis.xml
c:\users\mh\desktop\unreallearn\k_learn\conproject\bsp\bsp\x64\debug\wellevent.obj
c:\users\mh\desktop\unreallearn\k_learn\conproject\bsp\bsp\x64\debug\viewinventory.obj
c:\users\mh\desktop\unreallearn\k_learn\conproject\bsp\bsp\x64\debug\tilebase.obj
c:\users\mh\desktop\unreallearn\k_learn\conproject\bsp\bsp\x64\debug\structurehelper.obj
c:\users\mh\desktop\unreallearn\k_learn\conproject\bsp\bsp\x64\debug\statuesevent.obj
c:\users\mh\desktop\unreallearn\k_learn\conproject\bsp\bsp\x64\debug\roomnode.obj
c:\users\mh\desktop\unreallearn\k_learn\conproject\bsp\bsp\x64\debug\roomgenerator.obj
c:\users\mh\desktop\unreallearn\k_learn\conproject\bsp\bsp\x64\debug\node.obj
c:\users\mh\desktop\unreallearn\k_learn\conproject\bsp\bsp\x64\debug\namespace.obj
c:\users\mh\desktop\unreallearn\k_learn\conproject\bsp\bsp\x64\debug\main.obj
c:\users\mh\desktop\unreallearn\k_learn\conproject\bsp\x64\debug\bsp.exe
c:\users\mh\desktop\unreallearn\k_learn\conproject\bsp\x64\debug\bsp.pdb
c:\users\mh\desktop\unreallearn\k_learn\conproject\bsp\bsp\x64\debug\bsp.ilk
c:\users\mh\desktop\unreallearn\k_learn\conproject\bsp\bsp\x64\debug\bsp.tlog\cl.command.1.tlog
c:\users\mh\desktop\unreallearn\k_learn\conproject\bsp\bsp\x64\debug\bsp.tlog\cl.items.tlog
c:\users\mh\desktop\unreallearn\k_learn\conproject\bsp\bsp\x64\debug\bsp.tlog\cl.read.1.tlog
c:\users\mh\desktop\unreallearn\k_learn\conproject\bsp\bsp\x64\debug\bsp.tlog\cl.write.1.tlog
c:\users\mh\desktop\unreallearn\k_learn\conproject\bsp\bsp\x64\debug\bsp.tlog\link.command.1.tlog
c:\users\mh\desktop\unreallearn\k_learn\conproject\bsp\bsp\x64\debug\bsp.tlog\link.read.1.tlog
c:\users\mh\desktop\unreallearn\k_learn\conproject\bsp\bsp\x64\debug\bsp.tlog\link.secondary.1.tlog
c:\users\mh\desktop\unreallearn\k_learn\conproject\bsp\bsp\x64\debug\bsp.tlog\link.write.1.tlog
