  BattleEvent.cpp
C:\Users\user\Desktop\CppFIle\K_learn\ConProject\BSP\BSP\StructureHelper.h(15,3): warning C4091: 'static ': 변수를 선언하지 않으면 'StructureHelper::Orientation' 왼쪽은 무시됩니다.
  (소스 파일 'BattleEvent.cpp'을(를) 컴파일하는 중)
  
C:\Users\user\Desktop\CppFIle\K_learn\ConProject\BSP\BSP\StructureHelper.h(23,3): warning C4091: 'static ': 변수를 선언하지 않으면 'StructureHelper::RelativePosition' 왼쪽은 무시됩니다.
  (소스 파일 'BattleEvent.cpp'을(를) 컴파일하는 중)
  
C:\Users\user\Desktop\CppFIle\K_learn\ConProject\BSP\BSP\StructureHelper.h(124,3): warning C4091: 'static ': 변수를 선언하지 않으면 'playHelper::Map' 왼쪽은 무시됩니다.
  (소스 파일 'BattleEvent.cpp'을(를) 컴파일하는 중)
  
C:\Users\user\Desktop\CppFIle\K_learn\ConProject\BSP\BSP\StructureHelper.h(132,3): warning C4091: 'static ': 변수를 선언하지 않으면 'playHelper::DungeonFloor' 왼쪽은 무시됩니다.
  (소스 파일 'BattleEvent.cpp'을(를) 컴파일하는 중)
  
C:\Users\user\Desktop\CppFIle\K_learn\ConProject\BSP\BSP\StructureHelper.h(141,3): warning C4091: 'static ': 변수를 선언하지 않으면 'playHelper::EventEnum' 왼쪽은 무시됩니다.
  (소스 파일 'BattleEvent.cpp'을(를) 컴파일하는 중)
  
C:\Users\user\Desktop\CppFIle\K_learn\ConProject\BSP\BSP\Monster.h(3,10): warning C4067: 전처리기 지시문 다음에 예기치 않은 토큰이 있습니다. 줄 바꿈 문자가 필요합니다.
  (소스 파일 'BattleEvent.cpp'을(를) 컴파일하는 중)
  
C:\Users\user\Desktop\CppFIle\K_learn\ConProject\BSP\BSP\BattleEvent.cpp(5,11): warning C4244: '초기화 중': 'int'에서 'float'(으)로 변환하면서 데이터가 손실될 수 있습니다.
C:\Users\user\Desktop\CppFIle\K_learn\ConProject\BSP\BSP\BattleEvent.cpp(6,11): warning C4244: '초기화 중': 'int'에서 'float'(으)로 변환하면서 데이터가 손실될 수 있습니다.
C:\Users\user\Desktop\CppFIle\K_learn\ConProject\BSP\BSP\BattleEvent.cpp(7,12): warning C4244: '초기화 중': 'int'에서 'float'(으)로 변환하면서 데이터가 손실될 수 있습니다.
C:\Users\user\Desktop\CppFIle\K_learn\ConProject\BSP\BSP\BattleEvent.cpp(11,12): warning C4244: '초기화 중': 'int'에서 'float'(으)로 변환하면서 데이터가 손실될 수 있습니다.
C:\Users\user\Desktop\CppFIle\K_learn\ConProject\BSP\BSP\BattleEvent.cpp(24,57): warning C4267: '인수': 'size_t'에서 'int'(으)로 변환하면서 데이터가 손실될 수 있습니다.
  ChestEvent.cpp
C:\Users\user\Desktop\CppFIle\K_learn\ConProject\BSP\BSP\StructureHelper.h(15,3): warning C4091: 'static ': 변수를 선언하지 않으면 'StructureHelper::Orientation' 왼쪽은 무시됩니다.
  (소스 파일 'ChestEvent.cpp'을(를) 컴파일하는 중)
  
C:\Users\user\Desktop\CppFIle\K_learn\ConProject\BSP\BSP\StructureHelper.h(23,3): warning C4091: 'static ': 변수를 선언하지 않으면 'StructureHelper::RelativePosition' 왼쪽은 무시됩니다.
  (소스 파일 'ChestEvent.cpp'을(를) 컴파일하는 중)
  
C:\Users\user\Desktop\CppFIle\K_learn\ConProject\BSP\BSP\StructureHelper.h(124,3): warning C4091: 'static ': 변수를 선언하지 않으면 'playHelper::Map' 왼쪽은 무시됩니다.
  (소스 파일 'ChestEvent.cpp'을(를) 컴파일하는 중)
  
C:\Users\user\Desktop\CppFIle\K_learn\ConProject\BSP\BSP\StructureHelper.h(132,3): warning C4091: 'static ': 변수를 선언하지 않으면 'playHelper::DungeonFloor' 왼쪽은 무시됩니다.
  (소스 파일 'ChestEvent.cpp'을(를) 컴파일하는 중)
  
C:\Users\user\Desktop\CppFIle\K_learn\ConProject\BSP\BSP\StructureHelper.h(141,3): warning C4091: 'static ': 변수를 선언하지 않으면 'playHelper::EventEnum' 왼쪽은 무시됩니다.
  (소스 파일 'ChestEvent.cpp'을(를) 컴파일하는 중)
  
  Game.cpp
C:\Users\user\Desktop\CppFIle\K_learn\ConProject\BSP\BSP\StructureHelper.h(15,3): warning C4091: 'static ': 변수를 선언하지 않으면 'StructureHelper::Orientation' 왼쪽은 무시됩니다.
  (소스 파일 'Game.cpp'을(를) 컴파일하는 중)
  
C:\Users\user\Desktop\CppFIle\K_learn\ConProject\BSP\BSP\StructureHelper.h(23,3): warning C4091: 'static ': 변수를 선언하지 않으면 'StructureHelper::RelativePosition' 왼쪽은 무시됩니다.
  (소스 파일 'Game.cpp'을(를) 컴파일하는 중)
  
C:\Users\user\Desktop\CppFIle\K_learn\ConProject\BSP\BSP\StructureHelper.h(124,3): warning C4091: 'static ': 변수를 선언하지 않으면 'playHelper::Map' 왼쪽은 무시됩니다.
  (소스 파일 'Game.cpp'을(를) 컴파일하는 중)
  
C:\Users\user\Desktop\CppFIle\K_learn\ConProject\BSP\BSP\StructureHelper.h(132,3): warning C4091: 'static ': 변수를 선언하지 않으면 'playHelper::DungeonFloor' 왼쪽은 무시됩니다.
  (소스 파일 'Game.cpp'을(를) 컴파일하는 중)
  
C:\Users\user\Desktop\CppFIle\K_learn\ConProject\BSP\BSP\StructureHelper.h(141,3): warning C4091: 'static ': 변수를 선언하지 않으면 'playHelper::EventEnum' 왼쪽은 무시됩니다.
  (소스 파일 'Game.cpp'을(를) 컴파일하는 중)
  
C:\Users\user\Desktop\CppFIle\K_learn\ConProject\BSP\BSP\Monster.h(3,10): warning C4067: 전처리기 지시문 다음에 예기치 않은 토큰이 있습니다. 줄 바꿈 문자가 필요합니다.
  (소스 파일 'Game.cpp'을(를) 컴파일하는 중)
  
C:\Users\user\Desktop\CppFIle\K_learn\ConProject\BSP\BSP\ViewInventory.h(280,59): warning C4267: '=': 'size_t'에서 'int'(으)로 변환하면서 데이터가 손실될 수 있습니다.
  (소스 파일 'Game.cpp'을(를) 컴파일하는 중)
  
C:\Users\user\Desktop\CppFIle\K_learn\ConProject\BSP\BSP\Game.cpp(102,64): warning C4267: '인수': 'size_t'에서 'int'(으)로 변환하면서 데이터가 손실될 수 있습니다.
C:\Users\user\Desktop\CppFIle\K_learn\ConProject\BSP\BSP\Game.cpp(136,65): warning C4267: '인수': 'size_t'에서 'int'(으)로 변환하면서 데이터가 손실될 수 있습니다.
C:\Users\user\Desktop\CppFIle\K_learn\ConProject\BSP\BSP\Game.cpp(184,72): warning C4267: '인수': 'size_t'에서 'int'(으)로 변환하면서 데이터가 손실될 수 있습니다.
C:\Users\user\Desktop\CppFIle\K_learn\ConProject\BSP\BSP\Game.cpp(211,65): warning C4267: '인수': 'size_t'에서 'int'(으)로 변환하면서 데이터가 손실될 수 있습니다.
  ShopEvent.cpp
C:\Users\user\Desktop\CppFIle\K_learn\ConProject\BSP\BSP\StructureHelper.h(15,3): warning C4091: 'static ': 변수를 선언하지 않으면 'StructureHelper::Orientation' 왼쪽은 무시됩니다.
  (소스 파일 'ShopEvent.cpp'을(를) 컴파일하는 중)
  
C:\Users\user\Desktop\CppFIle\K_learn\ConProject\BSP\BSP\StructureHelper.h(23,3): warning C4091: 'static ': 변수를 선언하지 않으면 'StructureHelper::RelativePosition' 왼쪽은 무시됩니다.
  (소스 파일 'ShopEvent.cpp'을(를) 컴파일하는 중)
  
C:\Users\user\Desktop\CppFIle\K_learn\ConProject\BSP\BSP\StructureHelper.h(124,3): warning C4091: 'static ': 변수를 선언하지 않으면 'playHelper::Map' 왼쪽은 무시됩니다.
  (소스 파일 'ShopEvent.cpp'을(를) 컴파일하는 중)
  
C:\Users\user\Desktop\CppFIle\K_learn\ConProject\BSP\BSP\StructureHelper.h(132,3): warning C4091: 'static ': 변수를 선언하지 않으면 'playHelper::DungeonFloor' 왼쪽은 무시됩니다.
  (소스 파일 'ShopEvent.cpp'을(를) 컴파일하는 중)
  
C:\Users\user\Desktop\CppFIle\K_learn\ConProject\BSP\BSP\StructureHelper.h(141,3): warning C4091: 'static ': 변수를 선언하지 않으면 'playHelper::EventEnum' 왼쪽은 무시됩니다.
  (소스 파일 'ShopEvent.cpp'을(를) 컴파일하는 중)
  
C:\Users\user\Desktop\CppFIle\K_learn\ConProject\BSP\BSP\ShopEvent.cpp(363,21): warning C4267: '초기화 중': 'size_t'에서 'int'(으)로 변환하면서 데이터가 손실될 수 있습니다.
C:\Users\user\Desktop\CppFIle\K_learn\ConProject\BSP\BSP\ShopEvent.cpp(604,58): warning C4267: '=': 'size_t'에서 'int'(으)로 변환하면서 데이터가 손실될 수 있습니다.
  main.cpp
C:\Users\user\Desktop\CppFIle\K_learn\ConProject\BSP\BSP\StructureHelper.h(15,3): warning C4091: 'static ': 변수를 선언하지 않으면 'StructureHelper::Orientation' 왼쪽은 무시됩니다.
  (소스 파일 'main.cpp'을(를) 컴파일하는 중)
  
C:\Users\user\Desktop\CppFIle\K_learn\ConProject\BSP\BSP\StructureHelper.h(23,3): warning C4091: 'static ': 변수를 선언하지 않으면 'StructureHelper::RelativePosition' 왼쪽은 무시됩니다.
  (소스 파일 'main.cpp'을(를) 컴파일하는 중)
  
C:\Users\user\Desktop\CppFIle\K_learn\ConProject\BSP\BSP\StructureHelper.h(124,3): warning C4091: 'static ': 변수를 선언하지 않으면 'playHelper::Map' 왼쪽은 무시됩니다.
  (소스 파일 'main.cpp'을(를) 컴파일하는 중)
  
C:\Users\user\Desktop\CppFIle\K_learn\ConProject\BSP\BSP\StructureHelper.h(132,3): warning C4091: 'static ': 변수를 선언하지 않으면 'playHelper::DungeonFloor' 왼쪽은 무시됩니다.
  (소스 파일 'main.cpp'을(를) 컴파일하는 중)
  
C:\Users\user\Desktop\CppFIle\K_learn\ConProject\BSP\BSP\StructureHelper.h(141,3): warning C4091: 'static ': 변수를 선언하지 않으면 'playHelper::EventEnum' 왼쪽은 무시됩니다.
  (소스 파일 'main.cpp'을(를) 컴파일하는 중)
  
C:\Users\user\Desktop\CppFIle\K_learn\ConProject\BSP\BSP\Monster.h(3,10): warning C4067: 전처리기 지시문 다음에 예기치 않은 토큰이 있습니다. 줄 바꿈 문자가 필요합니다.
  (소스 파일 'main.cpp'을(를) 컴파일하는 중)
  
C:\Users\user\Desktop\CppFIle\K_learn\ConProject\BSP\BSP\ViewInventory.h(280,59): warning C4267: '=': 'size_t'에서 'int'(으)로 변환하면서 데이터가 손실될 수 있습니다.
  (소스 파일 'main.cpp'을(를) 컴파일하는 중)
  
C:\Users\user\Desktop\CppFIle\K_learn\ConProject\BSP\BSP\main.cpp(5,12): warning C4244: '인수': 'time_t'에서 'unsigned int'(으)로 변환하면서 데이터가 손실될 수 있습니다.
  C/C++ 코드 분석을 실행하고 있습니다...
C:\Users\user\Desktop\CppFIle\K_learn\ConProject\BSP\BSP\StructureHelper.h(15,3): warning C4091: 'static ': 변수를 선언하지 않으면 'StructureHelper::Orientation' 왼쪽은 무시됩니다.
C:\Users\user\Desktop\CppFIle\K_learn\ConProject\BSP\BSP\StructureHelper.h(23,3): warning C4091: 'static ': 변수를 선언하지 않으면 'StructureHelper::RelativePosition' 왼쪽은 무시됩니다.
C:\Users\user\Desktop\CppFIle\K_learn\ConProject\BSP\BSP\StructureHelper.h(124,3): warning C4091: 'static ': 변수를 선언하지 않으면 'playHelper::Map' 왼쪽은 무시됩니다.
C:\Users\user\Desktop\CppFIle\K_learn\ConProject\BSP\BSP\StructureHelper.h(132,3): warning C4091: 'static ': 변수를 선언하지 않으면 'playHelper::DungeonFloor' 왼쪽은 무시됩니다.
C:\Users\user\Desktop\CppFIle\K_learn\ConProject\BSP\BSP\StructureHelper.h(141,3): warning C4091: 'static ': 변수를 선언하지 않으면 'playHelper::EventEnum' 왼쪽은 무시됩니다.
C:\Users\user\Desktop\CppFIle\K_learn\ConProject\BSP\BSP\StructureHelper.h(15,3): warning C4091: 'static ': 변수를 선언하지 않으면 'StructureHelper::Orientation' 왼쪽은 무시됩니다.
C:\Users\user\Desktop\CppFIle\K_learn\ConProject\BSP\BSP\StructureHelper.h(23,3): warning C4091: 'static ': 변수를 선언하지 않으면 'StructureHelper::RelativePosition' 왼쪽은 무시됩니다.
C:\Users\user\Desktop\CppFIle\K_learn\ConProject\BSP\BSP\StructureHelper.h(124,3): warning C4091: 'static ': 변수를 선언하지 않으면 'playHelper::Map' 왼쪽은 무시됩니다.
C:\Users\user\Desktop\CppFIle\K_learn\ConProject\BSP\BSP\StructureHelper.h(132,3): warning C4091: 'static ': 변수를 선언하지 않으면 'playHelper::DungeonFloor' 왼쪽은 무시됩니다.
C:\Users\user\Desktop\CppFIle\K_learn\ConProject\BSP\BSP\StructureHelper.h(141,3): warning C4091: 'static ': 변수를 선언하지 않으면 'playHelper::EventEnum' 왼쪽은 무시됩니다.
C:\Users\user\Desktop\CppFIle\K_learn\ConProject\BSP\BSP\StructureHelper.h(15,3): warning C4091: 'static ': 변수를 선언하지 않으면 'StructureHelper::Orientation' 왼쪽은 무시됩니다.
C:\Users\user\Desktop\CppFIle\K_learn\ConProject\BSP\BSP\StructureHelper.h(23,3): warning C4091: 'static ': 변수를 선언하지 않으면 'StructureHelper::RelativePosition' 왼쪽은 무시됩니다.
C:\Users\user\Desktop\CppFIle\K_learn\ConProject\BSP\BSP\StructureHelper.h(124,3): warning C4091: 'static ': 변수를 선언하지 않으면 'playHelper::Map' 왼쪽은 무시됩니다.
C:\Users\user\Desktop\CppFIle\K_learn\ConProject\BSP\BSP\StructureHelper.h(132,3): warning C4091: 'static ': 변수를 선언하지 않으면 'playHelper::DungeonFloor' 왼쪽은 무시됩니다.
C:\Users\user\Desktop\CppFIle\K_learn\ConProject\BSP\BSP\StructureHelper.h(141,3): warning C4091: 'static ': 변수를 선언하지 않으면 'playHelper::EventEnum' 왼쪽은 무시됩니다.
C:\Users\user\Desktop\CppFIle\K_learn\ConProject\BSP\BSP\ViewInventory.h(292): warning C6246: 'item'의 지역 선언이 외부 범위에 있는 같은 이름의 선언을 숨깁니다. 자세한 내용은 줄 '286'('c:\users\user\desktop\cppfile\k_learn\conproject\bsp\bsp\viewinventory.h')에 있는 이전 선언을 참조하십시오.: Lines: 286
C:\Users\user\Desktop\CppFIle\K_learn\ConProject\BSP\BSP\Game.cpp(681): warning C6262: 함수가 스택의 '62848' 바이트를 사용합니다.  일부 데이터를 힙으로 이동하는 것이 좋습니다.
C:\Users\user\Desktop\CppFIle\K_learn\ConProject\BSP\BSP\Game.cpp(681): warning C6262: 함수가 스택의 '62848' 바이트를 사용합니다.  일부 데이터를 힙으로 이동하는 것이 좋습니다.
C:\Users\user\Desktop\CppFIle\K_learn\ConProject\BSP\BSP\StructureHelper.h(15,3): warning C4091: 'static ': 변수를 선언하지 않으면 'StructureHelper::Orientation' 왼쪽은 무시됩니다.
C:\Users\user\Desktop\CppFIle\K_learn\ConProject\BSP\BSP\StructureHelper.h(23,3): warning C4091: 'static ': 변수를 선언하지 않으면 'StructureHelper::RelativePosition' 왼쪽은 무시됩니다.
C:\Users\user\Desktop\CppFIle\K_learn\ConProject\BSP\BSP\StructureHelper.h(124,3): warning C4091: 'static ': 변수를 선언하지 않으면 'playHelper::Map' 왼쪽은 무시됩니다.
C:\Users\user\Desktop\CppFIle\K_learn\ConProject\BSP\BSP\StructureHelper.h(132,3): warning C4091: 'static ': 변수를 선언하지 않으면 'playHelper::DungeonFloor' 왼쪽은 무시됩니다.
C:\Users\user\Desktop\CppFIle\K_learn\ConProject\BSP\BSP\StructureHelper.h(141,3): warning C4091: 'static ': 변수를 선언하지 않으면 'playHelper::EventEnum' 왼쪽은 무시됩니다.
C:\Users\user\Desktop\CppFIle\K_learn\ConProject\BSP\BSP\StructureHelper.h(15,3): warning C4091: 'static ': 변수를 선언하지 않으면 'StructureHelper::Orientation' 왼쪽은 무시됩니다.
C:\Users\user\Desktop\CppFIle\K_learn\ConProject\BSP\BSP\StructureHelper.h(23,3): warning C4091: 'static ': 변수를 선언하지 않으면 'StructureHelper::RelativePosition' 왼쪽은 무시됩니다.
C:\Users\user\Desktop\CppFIle\K_learn\ConProject\BSP\BSP\StructureHelper.h(124,3): warning C4091: 'static ': 변수를 선언하지 않으면 'playHelper::Map' 왼쪽은 무시됩니다.
C:\Users\user\Desktop\CppFIle\K_learn\ConProject\BSP\BSP\StructureHelper.h(132,3): warning C4091: 'static ': 변수를 선언하지 않으면 'playHelper::DungeonFloor' 왼쪽은 무시됩니다.
C:\Users\user\Desktop\CppFIle\K_learn\ConProject\BSP\BSP\StructureHelper.h(141,3): warning C4091: 'static ': 변수를 선언하지 않으면 'playHelper::EventEnum' 왼쪽은 무시됩니다.
C:\Users\user\Desktop\CppFIle\K_learn\ConProject\BSP\BSP\ViewInventory.h(292): warning C6246: 'item'의 지역 선언이 외부 범위에 있는 같은 이름의 선언을 숨깁니다. 자세한 내용은 줄 '286'('c:\users\user\desktop\cppfile\k_learn\conproject\bsp\bsp\viewinventory.h')에 있는 이전 선언을 참조하십시오.: Lines: 286
C:\Users\user\Desktop\CppFIle\K_learn\ConProject\BSP\BSP\main.cpp(4): warning C6262: 함수가 스택의 '63336' 바이트를 사용합니다.  일부 데이터를 힙으로 이동하는 것이 좋습니다.
  코드를 생성하고 있습니다...
  LINK : C:\Users\user\Desktop\CppFIle\K_learn\ConProject\BSP\x64\Debug\BSP.exe을(를) 찾을 수 없거나 마지막 증분 링크에 의해 빌드되지 않았습니다. 전체 링크를 수행하고 있습니다.
EventManager.obj : error LNK2005: "public: __cdecl BattleEvent::~BattleEvent(void)" (??1BattleEvent@@QEAA@XZ)이(가) BattleEvent.obj에 이미 정의되어 있습니다.
C:\Users\user\Desktop\CppFIle\K_learn\ConProject\BSP\x64\Debug\BSP.exe : fatal error LNK1169: 여러 번 정의된 기호가 있습니다.
