c:\users\mh\desktop\unreallearn\k_learn\conproject\bsp\bsp\release\vc143.pdb
c:\users\mh\desktop\unreallearn\k_learn\conproject\bsp\bsp\release\item_material.obj
c:\users\mh\desktop\unreallearn\k_learn\conproject\bsp\bsp\release\item_equipable.obj
c:\users\mh\desktop\unreallearn\k_learn\conproject\bsp\bsp\release\item_consumables.obj
c:\users\mh\desktop\unreallearn\k_learn\conproject\bsp\bsp\release\itemdata.obj
c:\users\mh\desktop\unreallearn\k_learn\conproject\bsp\bsp\release\itembase.obj
c:\users\mh\desktop\unreallearn\k_learn\conproject\bsp\bsp\release\istate.obj
c:\users\mh\desktop\unreallearn\k_learn\conproject\bsp\bsp\release\line.obj
c:\users\mh\desktop\unreallearn\k_learn\conproject\bsp\bsp\release\itemmanager.obj
c:\users\mh\desktop\unreallearn\k_learn\conproject\bsp\bsp\release\inventory.obj
c:\users\mh\desktop\unreallearn\k_learn\conproject\bsp\bsp\release\intro.obj
c:\users\mh\desktop\unreallearn\k_learn\conproject\bsp\bsp\release\game.obj
c:\users\mh\desktop\unreallearn\k_learn\conproject\bsp\bsp\release\eventmanager.obj
c:\users\mh\desktop\unreallearn\k_learn\conproject\bsp\bsp\release\event.obj
c:\users\mh\desktop\unreallearn\k_learn\conproject\bsp\bsp\release\dungeongenerator.obj
c:\users\mh\desktop\unreallearn\k_learn\conproject\bsp\bsp\release\devilstatuesevent.obj
c:\users\mh\desktop\unreallearn\k_learn\conproject\bsp\bsp\release\corridornode.obj
c:\users\mh\desktop\unreallearn\k_learn\conproject\bsp\bsp\release\cooridorsgenerator.obj
c:\users\mh\desktop\unreallearn\k_learn\conproject\bsp\bsp\release\chestevent.obj
c:\users\mh\desktop\unreallearn\k_learn\conproject\bsp\bsp\release\bsp.obj
c:\users\mh\desktop\unreallearn\k_learn\conproject\bsp\bsp\release\battleevent.obj
c:\users\mh\desktop\unreallearn\k_learn\conproject\bsp\bsp\release\wellevent.obj
c:\users\mh\desktop\unreallearn\k_learn\conproject\bsp\bsp\release\viewinventory.obj
c:\users\mh\desktop\unreallearn\k_learn\conproject\bsp\bsp\release\structurehelper.obj
c:\users\mh\desktop\unreallearn\k_learn\conproject\bsp\bsp\release\statuesevent.obj
c:\users\mh\desktop\unreallearn\k_learn\conproject\bsp\bsp\release\shopevent.obj
c:\users\mh\desktop\unreallearn\k_learn\conproject\bsp\bsp\release\shopbase.obj
c:\users\mh\desktop\unreallearn\k_learn\conproject\bsp\bsp\release\roomnode.obj
c:\users\mh\desktop\unreallearn\k_learn\conproject\bsp\bsp\release\roomgenerator.obj
c:\users\mh\desktop\unreallearn\k_learn\conproject\bsp\bsp\release\player.obj
c:\users\mh\desktop\unreallearn\k_learn\conproject\bsp\bsp\release\node.obj
c:\users\mh\desktop\unreallearn\k_learn\conproject\bsp\bsp\release\namespace.obj
c:\users\mh\desktop\unreallearn\k_learn\conproject\bsp\bsp\release\monster.obj
c:\users\mh\desktop\unreallearn\k_learn\conproject\bsp\bsp\release\main.obj
c:\users\mh\desktop\unreallearn\k_learn\conproject\bsp\release\bsp.exe
c:\users\mh\desktop\unreallearn\k_learn\conproject\bsp\release\bsp.pdb
c:\users\mh\desktop\unreallearn\k_learn\conproject\bsp\bsp\release\bsp.ipdb
c:\users\mh\desktop\unreallearn\k_learn\conproject\bsp\bsp\release\bsp.iobj
c:\users\mh\desktop\unreallearn\k_learn\conproject\bsp\bsp\release\bsp.tlog\cl.command.1.tlog
c:\users\mh\desktop\unreallearn\k_learn\conproject\bsp\bsp\release\bsp.tlog\cl.items.tlog
c:\users\mh\desktop\unreallearn\k_learn\conproject\bsp\bsp\release\bsp.tlog\cl.read.1.tlog
c:\users\mh\desktop\unreallearn\k_learn\conproject\bsp\bsp\release\bsp.tlog\cl.write.1.tlog
c:\users\mh\desktop\unreallearn\k_learn\conproject\bsp\bsp\release\bsp.tlog\link.command.1.tlog
c:\users\mh\desktop\unreallearn\k_learn\conproject\bsp\bsp\release\bsp.tlog\link.read.1.tlog
c:\users\mh\desktop\unreallearn\k_learn\conproject\bsp\bsp\release\bsp.tlog\link.secondary.1.tlog
c:\users\mh\desktop\unreallearn\k_learn\conproject\bsp\bsp\release\bsp.tlog\link.write.1.tlog
