  Game.cpp
  Inventory.cpp
C:\Users\MH\Desktop\UnrealLearn\K_learn\Assignment\2024-11-22\Assignment\Inventory.cpp(317,23): warning C4267: 'return': 'size_t'에서 'int'(으)로 변환하면서 데이터가 손실될 수 있습니다.
C:\Users\MH\Desktop\UnrealLearn\K_learn\Assignment\2024-11-22\Assignment\Inventory.cpp(322,25): warning C4267: 'return': 'size_t'에서 'int'(으)로 변환하면서 데이터가 손실될 수 있습니다.
C:\Users\MH\Desktop\UnrealLearn\K_learn\Assignment\2024-11-22\Assignment\Inventory.cpp(327,23): warning C4267: 'return': 'size_t'에서 'int'(으)로 변환하면서 데이터가 손실될 수 있습니다.
  IState.cpp
  ItemBase.cpp
  ItemData.cpp
  ItemManager.cpp
  Item_Consumables.cpp
  Item_Equipable.cpp
  Item_Material.cpp
  Player.cpp
  ShopBase.cpp
C:\Users\MH\Desktop\UnrealLearn\K_learn\Assignment\2024-11-22\Assignment\ShopBase.cpp(156,72): warning C4244: '인수': 'double'에서 'int'(으)로 변환하면서 데이터가 손실될 수 있습니다.
C:\Users\MH\Desktop\UnrealLearn\K_learn\Assignment\2024-11-22\Assignment\ShopBase.cpp(171,79): warning C4244: '인수': 'double'에서 'int'(으)로 변환하면서 데이터가 손실될 수 있습니다.
C:\Users\MH\Desktop\UnrealLearn\K_learn\Assignment\2024-11-22\Assignment\ShopBase.cpp(188,78): warning C4244: '인수': 'double'에서 'int'(으)로 변환하면서 데이터가 손실될 수 있습니다.
  Test.cpp
  코드를 생성하고 있습니다...
  Assignment.vcxproj -> C:\Users\MH\Desktop\UnrealLearn\K_learn\Assignment\2024-11-22\Assignment\x64\Debug\Assignment.exe
